This file contains any messages produced by compilers while
running configure, to aid debugging if configure makes a mistake.

It was created by gc configure 7.4.2, which was
generated by GNU Autoconf 2.69.  Invocation command line was

  $ ./configure --prefix=/usr/local/ --enable-threads=posix --enable-parallel-mark --enable-cplusplus

## --------- ##
## Platform. ##
## --------- ##

hostname = james-VirtualBox
uname -m = i686
uname -r = 3.16.0-38-generic
uname -s = Linux
uname -v = #52~14.04.1-Ubuntu SMP Fri May 8 09:44:48 UTC 2015

/usr/bin/uname -p = unknown
/bin/uname -X     = unknown

/bin/arch              = unknown
/usr/bin/arch -k       = unknown
/usr/convex/getsysinfo = unknown
/usr/bin/hostinfo      = unknown
/bin/machine           = unknown
/usr/bin/oslevel       = unknown
/bin/universe          = unknown

PATH: /usr/local/sbin
PATH: /usr/local/bin
PATH: /usr/sbin
PATH: /usr/bin
PATH: /sbin
PATH: /bin
PATH: /usr/games
PATH: /usr/local/games


## ----------- ##
## Core tests. ##
## ----------- ##

configure:2505: checking build system type
configure:2519: result: i686-pc-linux-gnu
configure:2539: checking host system type
configure:2552: result: i686-pc-linux-gnu
configure:2572: checking target system type
configure:2585: result: i686-pc-linux-gnu
configure:2613: checking GC version numbers
configure:2644: result: major=7 minor=4                 micro=2
configure:2664: checking for a BSD-compatible install
configure:2732: result: /usr/bin/install -c
configure:2743: checking whether build environment is sane
configure:2798: result: yes
configure:2949: checking for a thread-safe mkdir -p
configure:2988: result: /bin/mkdir -p
configure:2995: checking for gawk
configure:3011: found /usr/bin/gawk
configure:3022: result: gawk
configure:3033: checking whether make sets $(MAKE)
configure:3055: result: yes
configure:3084: checking whether make supports nested variables
configure:3101: result: yes
configure:3229: checking whether to enable maintainer-specific portions of Makefiles
configure:3238: result: no
configure:3267: checking for style of include used by make
configure:3295: result: GNU
configure:3366: checking for gcc
configure:3382: found /usr/bin/gcc
configure:3393: result: gcc
configure:3622: checking for C compiler version
configure:3631: gcc --version >&5
gcc (Ubuntu 4.8.4-2ubuntu1~14.04) 4.8.4
Copyright (C) 2013 Free Software Foundation, Inc.
This is free software; see the source for copying conditions.  There is NO
warranty; not even for MERCHANTABILITY or FITNESS FOR A PARTICULAR PURPOSE.

configure:3642: $? = 0
configure:3631: gcc -v >&5
Using built-in specs.
COLLECT_GCC=gcc
COLLECT_LTO_WRAPPER=/usr/lib/gcc/i686-linux-gnu/4.8/lto-wrapper
Target: i686-linux-gnu
Configured with: ../src/configure -v --with-pkgversion='Ubuntu 4.8.4-2ubuntu1~14.04' --with-bugurl=file:///usr/share/doc/gcc-4.8/README.Bugs --enable-languages=c,c++,java,go,d,fortran,objc,obj-c++ --prefix=/usr --program-suffix=-4.8 --enable-shared --enable-linker-build-id --libexecdir=/usr/lib --without-included-gettext --enable-threads=posix --with-gxx-include-dir=/usr/include/c++/4.8 --libdir=/usr/lib --enable-nls --with-sysroot=/ --enable-clocale=gnu --enable-libstdcxx-debug --enable-libstdcxx-time=yes --enable-gnu-unique-object --disable-libmudflap --enable-plugin --with-system-zlib --disable-browser-plugin --enable-java-awt=gtk --enable-gtk-cairo --with-java-home=/usr/lib/jvm/java-1.5.0-gcj-4.8-i386/jre --enable-java-home --with-jvm-root-dir=/usr/lib/jvm/java-1.5.0-gcj-4.8-i386 --with-jvm-jar-dir=/usr/lib/jvm-exports/java-1.5.0-gcj-4.8-i386 --with-arch-directory=i386 --with-ecj-jar=/usr/share/java/eclipse-ecj.jar --enable-objc-gc --enable-targets=all --enable-multiarch --disable-werror --with-arch-32=i686 --with-multilib-list=m32,m64,mx32 --with-tune=generic --enable-checking=release --build=i686-linux-gnu --host=i686-linux-gnu --target=i686-linux-gnu
Thread model: posix
gcc version 4.8.4 (Ubuntu 4.8.4-2ubuntu1~14.04) 
configure:3642: $? = 0
configure:3631: gcc -V >&5
gcc: error: unrecognized command line option '-V'
gcc: fatal error: no input files
compilation terminated.
configure:3642: $? = 4
configure:3631: gcc -qversion >&5
gcc: error: unrecognized command line option '-qversion'
gcc: fatal error: no input files
compilation terminated.
configure:3642: $? = 4
configure:3662: checking whether the C compiler works
configure:3684: gcc    conftest.c  >&5
configure:3688: $? = 0
configure:3736: result: yes
configure:3739: checking for C compiler default output file name
configure:3741: result: a.out
configure:3747: checking for suffix of executables
configure:3754: gcc -o conftest    conftest.c  >&5
configure:3758: $? = 0
configure:3780: result: 
configure:3802: checking whether we are cross compiling
configure:3810: gcc -o conftest    conftest.c  >&5
configure:3814: $? = 0
configure:3821: ./conftest
configure:3825: $? = 0
configure:3840: result: no
configure:3845: checking for suffix of object files
configure:3867: gcc -c   conftest.c >&5
configure:3871: $? = 0
configure:3892: result: o
configure:3896: checking whether we are using the GNU C compiler
configure:3915: gcc -c   conftest.c >&5
configure:3915: $? = 0
configure:3924: result: yes
configure:3933: checking whether gcc accepts -g
configure:3953: gcc -c -g  conftest.c >&5
configure:3953: $? = 0
configure:3994: result: yes
configure:4011: checking for gcc option to accept ISO C89
configure:4074: gcc  -c -g -O2  conftest.c >&5
configure:4074: $? = 0
configure:4087: result: none needed
configure:4112: checking whether gcc understands -c and -o together
configure:4134: gcc -c conftest.c -o conftest2.o
configure:4137: $? = 0
configure:4134: gcc -c conftest.c -o conftest2.o
configure:4137: $? = 0
configure:4149: result: yes
configure:4168: checking dependency style of gcc
configure:4279: result: gcc3
configure:4353: checking for g++
configure:4369: found /usr/bin/g++
configure:4380: result: g++
configure:4407: checking for C++ compiler version
configure:4416: g++ --version >&5
g++ (Ubuntu 4.8.4-2ubuntu1~14.04) 4.8.4
Copyright (C) 2013 Free Software Foundation, Inc.
This is free software; see the source for copying conditions.  There is NO
warranty; not even for MERCHANTABILITY or FITNESS FOR A PARTICULAR PURPOSE.

configure:4427: $? = 0
configure:4416: g++ -v >&5
Using built-in specs.
COLLECT_GCC=g++
COLLECT_LTO_WRAPPER=/usr/lib/gcc/i686-linux-gnu/4.8/lto-wrapper
Target: i686-linux-gnu
Configured with: ../src/configure -v --with-pkgversion='Ubuntu 4.8.4-2ubuntu1~14.04' --with-bugurl=file:///usr/share/doc/gcc-4.8/README.Bugs --enable-languages=c,c++,java,go,d,fortran,objc,obj-c++ --prefix=/usr --program-suffix=-4.8 --enable-shared --enable-linker-build-id --libexecdir=/usr/lib --without-included-gettext --enable-threads=posix --with-gxx-include-dir=/usr/include/c++/4.8 --libdir=/usr/lib --enable-nls --with-sysroot=/ --enable-clocale=gnu --enable-libstdcxx-debug --enable-libstdcxx-time=yes --enable-gnu-unique-object --disable-libmudflap --enable-plugin --with-system-zlib --disable-browser-plugin --enable-java-awt=gtk --enable-gtk-cairo --with-java-home=/usr/lib/jvm/java-1.5.0-gcj-4.8-i386/jre --enable-java-home --with-jvm-root-dir=/usr/lib/jvm/java-1.5.0-gcj-4.8-i386 --with-jvm-jar-dir=/usr/lib/jvm-exports/java-1.5.0-gcj-4.8-i386 --with-arch-directory=i386 --with-ecj-jar=/usr/share/java/eclipse-ecj.jar --enable-objc-gc --enable-targets=all --enable-multiarch --disable-werror --with-arch-32=i686 --with-multilib-list=m32,m64,mx32 --with-tune=generic --enable-checking=release --build=i686-linux-gnu --host=i686-linux-gnu --target=i686-linux-gnu
Thread model: posix
gcc version 4.8.4 (Ubuntu 4.8.4-2ubuntu1~14.04) 
configure:4427: $? = 0
configure:4416: g++ -V >&5
g++: error: unrecognized command line option '-V'
g++: fatal error: no input files
compilation terminated.
configure:4427: $? = 4
configure:4416: g++ -qversion >&5
g++: error: unrecognized command line option '-qversion'
g++: fatal error: no input files
compilation terminated.
configure:4427: $? = 4
configure:4431: checking whether we are using the GNU C++ compiler
configure:4450: g++ -c   conftest.cpp >&5
configure:4450: $? = 0
configure:4459: result: yes
configure:4468: checking whether g++ accepts -g
configure:4488: g++ -c -g  conftest.cpp >&5
configure:4488: $? = 0
configure:4529: result: yes
configure:4554: checking dependency style of g++
configure:4665: result: gcc3
configure:4689: checking dependency style of gcc
configure:4798: result: gcc3
configure:4860: checking how to print strings
configure:4887: result: printf
configure:4908: checking for a sed that does not truncate output
configure:4972: result: /bin/sed
configure:4990: checking for grep that handles long lines and -e
configure:5048: result: /bin/grep
configure:5053: checking for egrep
configure:5115: result: /bin/grep -E
configure:5120: checking for fgrep
configure:5182: result: /bin/grep -F
configure:5217: checking for ld used by gcc
configure:5284: result: /usr/bin/ld
configure:5291: checking if the linker (/usr/bin/ld) is GNU ld
configure:5306: result: yes
configure:5318: checking for BSD- or MS-compatible name lister (nm)
configure:5367: result: /usr/bin/nm -B
configure:5497: checking the name lister (/usr/bin/nm -B) interface
configure:5504: gcc -c -g -O2  conftest.c >&5
configure:5507: /usr/bin/nm -B "conftest.o"
configure:5510: output
00000000 B some_variable
configure:5517: result: BSD nm
configure:5520: checking whether ln -s works
configure:5524: result: yes
configure:5532: checking the maximum length of command line arguments
configure:5663: result: 805306365
configure:5711: checking how to convert i686-pc-linux-gnu file names to i686-pc-linux-gnu format
configure:5751: result: func_convert_file_noop
configure:5758: checking how to convert i686-pc-linux-gnu file names to toolchain format
configure:5778: result: func_convert_file_noop
configure:5785: checking for /usr/bin/ld option to reload object files
configure:5792: result: -r
configure:5866: checking for objdump
configure:5882: found /usr/bin/objdump
configure:5893: result: objdump
configure:5925: checking how to recognize dependent libraries
configure:6122: result: pass_all
configure:6207: checking for dlltool
configure:6237: result: no
configure:6267: checking how to associate runtime and link libraries
configure:6294: result: printf %s\n
configure:6355: checking for ar
configure:6371: found /usr/bin/ar
configure:6382: result: ar
configure:6419: checking for archiver @FILE support
configure:6436: gcc -c -g -O2  conftest.c >&5
configure:6436: $? = 0
configure:6439: ar cru libconftest.a @conftest.lst >&5
configure:6442: $? = 0
configure:6447: ar cru libconftest.a @conftest.lst >&5
ar: conftest.o: No such file or directory
configure:6450: $? = 1
configure:6462: result: @
configure:6520: checking for strip
configure:6536: found /usr/bin/strip
configure:6547: result: strip
configure:6619: checking for ranlib
configure:6635: found /usr/bin/ranlib
configure:6646: result: ranlib
configure:6748: checking command to parse /usr/bin/nm -B output from gcc object
configure:6901: gcc -c -g -O2  conftest.c >&5
configure:6904: $? = 0
configure:6908: /usr/bin/nm -B conftest.o \| sed -n -e 's/^.*[ ]\([ABCDGIRSTW][ABCDGIRSTW]*\)[ ][ ]*\([_A-Za-z][_A-Za-z0-9]*\)$/\1 \2 \2/p' | sed '/ __gnu_lto/d' \> conftest.nm
configure:6911: $? = 0
configure:6977: gcc -o conftest -g -O2   conftest.c conftstm.o >&5
configure:6980: $? = 0
configure:7018: result: ok
configure:7065: checking for sysroot
configure:7095: result: no
configure:7408: checking for mt
configure:7424: found /bin/mt
configure:7435: result: mt
configure:7458: checking if mt is a manifest tool
configure:7464: mt '-?'
configure:7472: result: no
configure:8114: checking how to run the C preprocessor
configure:8145: gcc -E  conftest.c
configure:8145: $? = 0
configure:8159: gcc -E  conftest.c
conftest.c:14:28: fatal error: ac_nonexistent.h: No such file or directory
 #include <ac_nonexistent.h>
                            ^
compilation terminated.
configure:8159: $? = 1
configure: failed program was:
| /* confdefs.h */
| #define PACKAGE_NAME "gc"
| #define PACKAGE_TARNAME "gc"
| #define PACKAGE_VERSION "7.4.2"
| #define PACKAGE_STRING "gc 7.4.2"
| #define PACKAGE_BUGREPORT "bdwgc@lists.opendylan.org"
| #define PACKAGE_URL ""
| #define GC_VERSION_MAJOR 7
| #define GC_VERSION_MINOR 4
| #define GC_VERSION_MICRO 2
| #define PACKAGE "gc"
| #define VERSION "7.4.2"
| /* end confdefs.h.  */
| #include <ac_nonexistent.h>
configure:8184: result: gcc -E
configure:8204: gcc -E  conftest.c
configure:8204: $? = 0
configure:8218: gcc -E  conftest.c
conftest.c:14:28: fatal error: ac_nonexistent.h: No such file or directory
 #include <ac_nonexistent.h>
                            ^
compilation terminated.
configure:8218: $? = 1
configure: failed program was:
| /* confdefs.h */
| #define PACKAGE_NAME "gc"
| #define PACKAGE_TARNAME "gc"
| #define PACKAGE_VERSION "7.4.2"
| #define PACKAGE_STRING "gc 7.4.2"
| #define PACKAGE_BUGREPORT "bdwgc@lists.opendylan.org"
| #define PACKAGE_URL ""
| #define GC_VERSION_MAJOR 7
| #define GC_VERSION_MINOR 4
| #define GC_VERSION_MICRO 2
| #define PACKAGE "gc"
| #define VERSION "7.4.2"
| /* end confdefs.h.  */
| #include <ac_nonexistent.h>
configure:8247: checking for ANSI C header files
configure:8267: gcc -c -g -O2  conftest.c >&5
configure:8267: $? = 0
configure:8340: gcc -o conftest -g -O2   conftest.c  >&5
configure:8340: $? = 0
configure:8340: ./conftest
configure:8340: $? = 0
configure:8351: result: yes
configure:8364: checking for sys/types.h
configure:8364: gcc -c -g -O2  conftest.c >&5
configure:8364: $? = 0
configure:8364: result: yes
configure:8364: checking for sys/stat.h
configure:8364: gcc -c -g -O2  conftest.c >&5
configure:8364: $? = 0
configure:8364: result: yes
configure:8364: checking for stdlib.h
configure:8364: gcc -c -g -O2  conftest.c >&5
configure:8364: $? = 0
configure:8364: result: yes
configure:8364: checking for string.h
configure:8364: gcc -c -g -O2  conftest.c >&5
configure:8364: $? = 0
configure:8364: result: yes
configure:8364: checking for memory.h
configure:8364: gcc -c -g -O2  conftest.c >&5
configure:8364: $? = 0
configure:8364: result: yes
configure:8364: checking for strings.h
configure:8364: gcc -c -g -O2  conftest.c >&5
configure:8364: $? = 0
configure:8364: result: yes
configure:8364: checking for inttypes.h
configure:8364: gcc -c -g -O2  conftest.c >&5
configure:8364: $? = 0
configure:8364: result: yes
configure:8364: checking for stdint.h
configure:8364: gcc -c -g -O2  conftest.c >&5
configure:8364: $? = 0
configure:8364: result: yes
configure:8364: checking for unistd.h
configure:8364: gcc -c -g -O2  conftest.c >&5
configure:8364: $? = 0
configure:8364: result: yes
configure:8378: checking for dlfcn.h
configure:8378: gcc -c -g -O2  conftest.c >&5
configure:8378: $? = 0
configure:8378: result: yes
configure:8593: checking for objdir
configure:8608: result: .libs
configure:8879: checking if gcc supports -fno-rtti -fno-exceptions
configure:8897: gcc -c -g -O2  -fno-rtti -fno-exceptions conftest.c >&5
cc1: warning: command line option '-fno-rtti' is valid for C++/ObjC++ but not for C [enabled by default]
configure:8901: $? = 0
configure:8914: result: no
configure:9262: checking for gcc option to produce PIC
configure:9269: result: -fPIC -DPIC
configure:9277: checking if gcc PIC flag -fPIC -DPIC works
configure:9295: gcc -c -g -O2  -fPIC -DPIC -DPIC conftest.c >&5
configure:9299: $? = 0
configure:9312: result: yes
configure:9341: checking if gcc static flag -static works
configure:9369: result: yes
configure:9384: checking if gcc supports -c -o file.o
configure:9405: gcc -c -g -O2  -o out/conftest2.o conftest.c >&5
configure:9409: $? = 0
configure:9431: result: yes
configure:9439: checking if gcc supports -c -o file.o
configure:9486: result: yes
configure:9519: checking whether the gcc linker (/usr/bin/ld) supports shared libraries
configure:10667: result: yes
configure:10704: checking whether -lc should be explicitly linked in
configure:10712: gcc -c -g -O2  conftest.c >&5
configure:10715: $? = 0
configure:10730: gcc -shared  -fPIC -DPIC conftest.o  -v -Wl,-soname -Wl,conftest -o conftest 2\>\&1 \| /bin/grep  -lc  \>/dev/null 2\>\&1
configure:10733: $? = 0
configure:10747: result: no
configure:10907: checking dynamic linker characteristics
configure:11434: gcc -o conftest -g -O2   -Wl,-rpath -Wl,/foo conftest.c  >&5
configure:11434: $? = 0
configure:11645: result: GNU/Linux ld.so
configure:11752: checking how to hardcode library paths into programs
configure:11777: result: immediate
configure:12325: checking whether stripping libraries is possible
configure:12330: result: yes
configure:12365: checking if libtool supports shared libraries
configure:12367: result: yes
configure:12370: checking whether to build shared libraries
configure:12391: result: yes
configure:12394: checking whether to build static libraries
configure:12398: result: yes
configure:12421: checking how to run the C++ preprocessor
configure:12448: g++ -E  conftest.cpp
configure:12448: $? = 0
configure:12462: g++ -E  conftest.cpp
conftest.cpp:26:28: fatal error: ac_nonexistent.h: No such file or directory
 #include <ac_nonexistent.h>
                            ^
compilation terminated.
configure:12462: $? = 1
configure: failed program was:
| /* confdefs.h */
| #define PACKAGE_NAME "gc"
| #define PACKAGE_TARNAME "gc"
| #define PACKAGE_VERSION "7.4.2"
| #define PACKAGE_STRING "gc 7.4.2"
| #define PACKAGE_BUGREPORT "bdwgc@lists.opendylan.org"
| #define PACKAGE_URL ""
| #define GC_VERSION_MAJOR 7
| #define GC_VERSION_MINOR 4
| #define GC_VERSION_MICRO 2
| #define PACKAGE "gc"
| #define VERSION "7.4.2"
| #define STDC_HEADERS 1
| #define HAVE_SYS_TYPES_H 1
| #define HAVE_SYS_STAT_H 1
| #define HAVE_STDLIB_H 1
| #define HAVE_STRING_H 1
| #define HAVE_MEMORY_H 1
| #define HAVE_STRINGS_H 1
| #define HAVE_INTTYPES_H 1
| #define HAVE_STDINT_H 1
| #define HAVE_UNISTD_H 1
| #define HAVE_DLFCN_H 1
| #define LT_OBJDIR ".libs/"
| /* end confdefs.h.  */
| #include <ac_nonexistent.h>
configure:12487: result: g++ -E
configure:12507: g++ -E  conftest.cpp
configure:12507: $? = 0
configure:12521: g++ -E  conftest.cpp
conftest.cpp:26:28: fatal error: ac_nonexistent.h: No such file or directory
 #include <ac_nonexistent.h>
                            ^
compilation terminated.
configure:12521: $? = 1
configure: failed program was:
| /* confdefs.h */
| #define PACKAGE_NAME "gc"
| #define PACKAGE_TARNAME "gc"
| #define PACKAGE_VERSION "7.4.2"
| #define PACKAGE_STRING "gc 7.4.2"
| #define PACKAGE_BUGREPORT "bdwgc@lists.opendylan.org"
| #define PACKAGE_URL ""
| #define GC_VERSION_MAJOR 7
| #define GC_VERSION_MINOR 4
| #define GC_VERSION_MICRO 2
| #define PACKAGE "gc"
| #define VERSION "7.4.2"
| #define STDC_HEADERS 1
| #define HAVE_SYS_TYPES_H 1
| #define HAVE_SYS_STAT_H 1
| #define HAVE_STDLIB_H 1
| #define HAVE_STRING_H 1
| #define HAVE_MEMORY_H 1
| #define HAVE_STRINGS_H 1
| #define HAVE_INTTYPES_H 1
| #define HAVE_STDINT_H 1
| #define HAVE_UNISTD_H 1
| #define HAVE_DLFCN_H 1
| #define LT_OBJDIR ".libs/"
| /* end confdefs.h.  */
| #include <ac_nonexistent.h>
configure:12690: checking for ld used by g++
configure:12757: result: /usr/bin/ld
configure:12764: checking if the linker (/usr/bin/ld) is GNU ld
configure:12779: result: yes
configure:12834: checking whether the g++ linker (/usr/bin/ld) supports shared libraries
configure:13832: result: yes
configure:13868: g++ -c -g -O2  conftest.cpp >&5
configure:13871: $? = 0
configure:14392: checking for g++ option to produce PIC
configure:14399: result: -fPIC -DPIC
configure:14407: checking if g++ PIC flag -fPIC -DPIC works
configure:14425: g++ -c -g -O2  -fPIC -DPIC -DPIC conftest.cpp >&5
configure:14429: $? = 0
configure:14442: result: yes
configure:14465: checking if g++ static flag -static works
configure:14493: result: yes
configure:14505: checking if g++ supports -c -o file.o
configure:14526: g++ -c -g -O2  -o out/conftest2.o conftest.cpp >&5
configure:14530: $? = 0
configure:14552: result: yes
configure:14557: checking if g++ supports -c -o file.o
configure:14604: result: yes
configure:14634: checking whether the g++ linker (/usr/bin/ld) supports shared libraries
configure:14670: result: yes
configure:14811: checking dynamic linker characteristics
configure:15476: result: GNU/Linux ld.so
configure:15529: checking how to hardcode library paths into programs
configure:15554: result: immediate
configure:15744: checking for inline
configure:15760: gcc -c -g -O2  conftest.c >&5
configure:15760: $? = 0
configure:15768: result: inline
configure:15796: checking for pthread_self in -lpthread
configure:15821: gcc -o conftest -g -O2   conftest.c -lpthread   >&5
configure:15821: $? = 0
configure:15830: result: yes
configure:15849: WARNING: "Explicit GC_INIT() calls may be required."
configure:16151: checking for gcc -Wextra
configure:16166: gcc -c -Wextra -g -O2  conftest.c >&5
configure:16166: $? = 0
configure:16173: result: yes
configure:16183: checking for xlc
configure:16200: gcc -c -Wall -Wextra -g -O2  conftest.c >&5
conftest.c: In function 'main':
conftest.c:36:4: error: #error 
  # error
    ^
configure:16200: $? = 1
configure: failed program was:
| /* confdefs.h */
| #define PACKAGE_NAME "gc"
| #define PACKAGE_TARNAME "gc"
| #define PACKAGE_VERSION "7.4.2"
| #define PACKAGE_STRING "gc 7.4.2"
| #define PACKAGE_BUGREPORT "bdwgc@lists.opendylan.org"
| #define PACKAGE_URL ""
| #define GC_VERSION_MAJOR 7
| #define GC_VERSION_MINOR 4
| #define GC_VERSION_MICRO 2
| #define PACKAGE "gc"
| #define VERSION "7.4.2"
| #define STDC_HEADERS 1
| #define HAVE_SYS_TYPES_H 1
| #define HAVE_SYS_STAT_H 1
| #define HAVE_STDLIB_H 1
| #define HAVE_STRING_H 1
| #define HAVE_MEMORY_H 1
| #define HAVE_STRINGS_H 1
| #define HAVE_INTTYPES_H 1
| #define HAVE_STDINT_H 1
| #define HAVE_UNISTD_H 1
| #define HAVE_DLFCN_H 1
| #define LT_OBJDIR ".libs/"
| #define GC_LINUX_THREADS 1
| #define _REENTRANT 1
| #define PARALLEL_MARK 1
| #define THREAD_LOCAL_ALLOC 1
| /* end confdefs.h.  */
| 
| int
| main ()
| {
| 
|  #ifndef __xlC__
|  # error
|  #endif
| 
|   ;
|   return 0;
| }
configure:16206: result: no
configure:16225: checking whether gcc supports -fno-strict-aliasing
configure:16251: gcc -c -Wall -Wextra -g -O2 -fno-strict-aliasing  conftest.c >&5
configure:16251: $? = 0
configure:16260: result: yes
configure:16273: checking for dlopen in -ldl
configure:16298: gcc -o conftest -Wall -Wextra -g -O2 -fno-strict-aliasing   conftest.c -ldl   >&5
configure:16298: $? = 0
configure:16307: result: yes
configure:16406: checking whether to build shared libraries
configure:16445: result: yes
configure:16488: checking which machine-dependent code should be used
configure:16525: result: 
configure:16557: checking whether Solaris gcc optimization fix is necessary
configure:16580: result: no
configure:16721: checking for dladdr
configure:16740: gcc -c -Wall -Wextra -g -O2 -fno-strict-aliasing  conftest.c >&5
configure:16740: $? = 0
configure:16744: result: yes
configure:16754: checking sys/dg_sys_info.h usability
configure:16754: gcc -c -Wall -Wextra -g -O2 -fno-strict-aliasing  conftest.c >&5
conftest.c:67:29: fatal error: sys/dg_sys_info.h: No such file or directory
 #include <sys/dg_sys_info.h>
                             ^
compilation terminated.
configure:16754: $? = 1
configure: failed program was:
| /* confdefs.h */
| #define PACKAGE_NAME "gc"
| #define PACKAGE_TARNAME "gc"
| #define PACKAGE_VERSION "7.4.2"
| #define PACKAGE_STRING "gc 7.4.2"
| #define PACKAGE_BUGREPORT "bdwgc@lists.opendylan.org"
| #define PACKAGE_URL ""
| #define GC_VERSION_MAJOR 7
| #define GC_VERSION_MINOR 4
| #define GC_VERSION_MICRO 2
| #define PACKAGE "gc"
| #define VERSION "7.4.2"
| #define STDC_HEADERS 1
| #define HAVE_SYS_TYPES_H 1
| #define HAVE_SYS_STAT_H 1
| #define HAVE_STDLIB_H 1
| #define HAVE_STRING_H 1
| #define HAVE_MEMORY_H 1
| #define HAVE_STRINGS_H 1
| #define HAVE_INTTYPES_H 1
| #define HAVE_STDINT_H 1
| #define HAVE_UNISTD_H 1
| #define HAVE_DLFCN_H 1
| #define LT_OBJDIR ".libs/"
| #define GC_LINUX_THREADS 1
| #define _REENTRANT 1
| #define PARALLEL_MARK 1
| #define THREAD_LOCAL_ALLOC 1
| #define NO_EXECUTE_PERMISSION 1
| #define ALL_INTERIOR_POINTERS 1
| #define GC_GCJ_SUPPORT 1
| #define HAVE_DLADDR 1
| /* end confdefs.h.  */
| #include <stdio.h>
| #ifdef HAVE_SYS_TYPES_H
| # include <sys/types.h>
| #endif
| #ifdef HAVE_SYS_STAT_H
| # include <sys/stat.h>
| #endif
| #ifdef STDC_HEADERS
| # include <stdlib.h>
| # include <stddef.h>
| #else
| # ifdef HAVE_STDLIB_H
| #  include <stdlib.h>
| # endif
| #endif
| #ifdef HAVE_STRING_H
| # if !defined STDC_HEADERS && defined HAVE_MEMORY_H
| #  include <memory.h>
| # endif
| # include <string.h>
| #endif
| #ifdef HAVE_STRINGS_H
| # include <strings.h>
| #endif
| #ifdef HAVE_INTTYPES_H
| # include <inttypes.h>
| #endif
| #ifdef HAVE_STDINT_H
| # include <stdint.h>
| #endif
| #ifdef HAVE_UNISTD_H
| # include <unistd.h>
| #endif
| #include <sys/dg_sys_info.h>
configure:16754: result: no
configure:16754: checking sys/dg_sys_info.h presence
configure:16754: gcc -E  conftest.c
conftest.c:34:29: fatal error: sys/dg_sys_info.h: No such file or directory
 #include <sys/dg_sys_info.h>
                             ^
compilation terminated.
configure:16754: $? = 1
configure: failed program was:
| /* confdefs.h */
| #define PACKAGE_NAME "gc"
| #define PACKAGE_TARNAME "gc"
| #define PACKAGE_VERSION "7.4.2"
| #define PACKAGE_STRING "gc 7.4.2"
| #define PACKAGE_BUGREPORT "bdwgc@lists.opendylan.org"
| #define PACKAGE_URL ""
| #define GC_VERSION_MAJOR 7
| #define GC_VERSION_MINOR 4
| #define GC_VERSION_MICRO 2
| #define PACKAGE "gc"
| #define VERSION "7.4.2"
| #define STDC_HEADERS 1
| #define HAVE_SYS_TYPES_H 1
| #define HAVE_SYS_STAT_H 1
| #define HAVE_STDLIB_H 1
| #define HAVE_STRING_H 1
| #define HAVE_MEMORY_H 1
| #define HAVE_STRINGS_H 1
| #define HAVE_INTTYPES_H 1
| #define HAVE_STDINT_H 1
| #define HAVE_UNISTD_H 1
| #define HAVE_DLFCN_H 1
| #define LT_OBJDIR ".libs/"
| #define GC_LINUX_THREADS 1
| #define _REENTRANT 1
| #define PARALLEL_MARK 1
| #define THREAD_LOCAL_ALLOC 1
| #define NO_EXECUTE_PERMISSION 1
| #define ALL_INTERIOR_POINTERS 1
| #define GC_GCJ_SUPPORT 1
| #define HAVE_DLADDR 1
| /* end confdefs.h.  */
| #include <sys/dg_sys_info.h>
configure:16754: result: no
configure:16754: checking for sys/dg_sys_info.h
configure:16754: result: no
configure:17029: checking for pkg-config
configure:17047: found /usr/bin/pkg-config
configure:17059: result: /usr/bin/pkg-config
configure:17084: checking pkg-config is at least version 0.9.0
configure:17087: result: yes
configure:17098: checking for ATOMIC_OPS
configure:17105: $PKG_CONFIG --exists --print-errors "atomic_ops"
Package atomic_ops was not found in the pkg-config search path.
Perhaps you should add the directory containing `atomic_ops.pc'
to the PKG_CONFIG_PATH environment variable
No package 'atomic_ops' found
configure:17108: $? = 1
configure:17122: $PKG_CONFIG --exists --print-errors "atomic_ops"
Package atomic_ops was not found in the pkg-config search path.
Perhaps you should add the directory containing `atomic_ops.pc'
to the PKG_CONFIG_PATH environment variable
No package 'atomic_ops' found
configure:17125: $? = 1
configure:17139: result: no
No package 'atomic_ops' found
configure:17184: checking which libatomic_ops to use
configure:17192: result: internal
configure:17334: checking that generated files are newer than configure
configure:17340: result: done
configure:17431: creating ./config.status

## ---------------------- ##
## Running config.status. ##
## ---------------------- ##

This file was extended by gc config.status 7.4.2, which was
generated by GNU Autoconf 2.69.  Invocation command line was

  CONFIG_FILES    = 
  CONFIG_HEADERS  = 
  CONFIG_LINKS    = 
  CONFIG_COMMANDS = 
  $ ./config.status 

on james-VirtualBox

config.status:1221: creating Makefile
config.status:1221: creating bdw-gc.pc
config.status:1221: creating include/config.h
config.status:1402: include/config.h is unchanged
config.status:1450: executing depfiles commands
config.status:1450: executing libtool commands
config.status:1450: executing default commands
configure:19841: === configuring in libatomic_ops (/home/james/Fork-Lang/gc/libatomic_ops)
configure:19904: running /bin/bash ./configure --disable-option-checking '--prefix=/usr/local'  '--enable-threads=posix' '--enable-parallel-mark' '--enable-cplusplus' --cache-file=/dev/null --srcdir=.

## ---------------- ##
## Cache variables. ##
## ---------------- ##

ac_cv_build=i686-pc-linux-gnu
ac_cv_c_compiler_gnu=yes
ac_cv_c_inline=inline
ac_cv_cc_wextra=yes
ac_cv_cxx_compiler_gnu=yes
ac_cv_env_ATOMIC_OPS_CFLAGS_set=
ac_cv_env_ATOMIC_OPS_CFLAGS_value=
ac_cv_env_ATOMIC_OPS_LIBS_set=
ac_cv_env_ATOMIC_OPS_LIBS_value=
ac_cv_env_CCASFLAGS_set=
ac_cv_env_CCASFLAGS_value=
ac_cv_env_CCAS_set=
ac_cv_env_CCAS_value=
ac_cv_env_CCC_set=
ac_cv_env_CCC_value=
ac_cv_env_CC_set=
ac_cv_env_CC_value=
ac_cv_env_CFLAGS_set=
ac_cv_env_CFLAGS_value=
ac_cv_env_CPPFLAGS_set=
ac_cv_env_CPPFLAGS_value=
ac_cv_env_CPP_set=
ac_cv_env_CPP_value=
ac_cv_env_CXXCPP_set=
ac_cv_env_CXXCPP_value=
ac_cv_env_CXXFLAGS_set=
ac_cv_env_CXXFLAGS_value=
ac_cv_env_CXX_set=
ac_cv_env_CXX_value=
ac_cv_env_LDFLAGS_set=
ac_cv_env_LDFLAGS_value=
ac_cv_env_LIBS_set=
ac_cv_env_LIBS_value=
ac_cv_env_PKG_CONFIG_LIBDIR_set=
ac_cv_env_PKG_CONFIG_LIBDIR_value=
ac_cv_env_PKG_CONFIG_PATH_set=
ac_cv_env_PKG_CONFIG_PATH_value=
ac_cv_env_PKG_CONFIG_set=
ac_cv_env_PKG_CONFIG_value=
ac_cv_env_build_alias_set=
ac_cv_env_build_alias_value=
ac_cv_env_host_alias_set=
ac_cv_env_host_alias_value=
ac_cv_env_target_alias_set=
ac_cv_env_target_alias_value=
ac_cv_fno_strict_aliasing=yes
ac_cv_header_dlfcn_h=yes
ac_cv_header_inttypes_h=yes
ac_cv_header_memory_h=yes
ac_cv_header_stdc=yes
ac_cv_header_stdint_h=yes
ac_cv_header_stdlib_h=yes
ac_cv_header_string_h=yes
ac_cv_header_strings_h=yes
ac_cv_header_sys_dg_sys_info_h=no
ac_cv_header_sys_stat_h=yes
ac_cv_header_sys_types_h=yes
ac_cv_header_unistd_h=yes
ac_cv_host=i686-pc-linux-gnu
ac_cv_lib_dl_dlopen=yes
ac_cv_lib_pthread_pthread_self=yes
ac_cv_objext=o
ac_cv_path_EGREP='/bin/grep -E'
ac_cv_path_FGREP='/bin/grep -F'
ac_cv_path_GREP=/bin/grep
ac_cv_path_SED=/bin/sed
ac_cv_path_ac_pt_PKG_CONFIG=/usr/bin/pkg-config
ac_cv_path_install='/usr/bin/install -c'
ac_cv_path_mkdir=/bin/mkdir
ac_cv_prog_AWK=gawk
ac_cv_prog_CPP='gcc -E'
ac_cv_prog_CXXCPP='g++ -E'
ac_cv_prog_ac_ct_AR=ar
ac_cv_prog_ac_ct_CC=gcc
ac_cv_prog_ac_ct_CXX=g++
ac_cv_prog_ac_ct_MANIFEST_TOOL=mt
ac_cv_prog_ac_ct_OBJDUMP=objdump
ac_cv_prog_ac_ct_RANLIB=ranlib
ac_cv_prog_ac_ct_STRIP=strip
ac_cv_prog_cc_c89=
ac_cv_prog_cc_g=yes
ac_cv_prog_cxx_g=yes
ac_cv_prog_make_make_set=yes
ac_cv_target=i686-pc-linux-gnu
am_cv_CCAS_dependencies_compiler_type=gcc3
am_cv_CC_dependencies_compiler_type=gcc3
am_cv_CXX_dependencies_compiler_type=gcc3
am_cv_make_support_nested_variables=yes
am_cv_prog_cc_c_o=yes
lt_cv_ar_at_file=@
lt_cv_archive_cmds_need_lc=no
lt_cv_deplibs_check_method=pass_all
lt_cv_file_magic_cmd='$MAGIC_CMD'
lt_cv_file_magic_test_file=
lt_cv_ld_reload_flag=-r
lt_cv_nm_interface='BSD nm'
lt_cv_objdir=.libs
lt_cv_path_LD=/usr/bin/ld
lt_cv_path_LDCXX=/usr/bin/ld
lt_cv_path_NM='/usr/bin/nm -B'
lt_cv_path_mainfest_tool=no
lt_cv_prog_compiler_c_o=yes
lt_cv_prog_compiler_c_o_CXX=yes
lt_cv_prog_compiler_pic='-fPIC -DPIC'
lt_cv_prog_compiler_pic_CXX='-fPIC -DPIC'
lt_cv_prog_compiler_pic_works=yes
lt_cv_prog_compiler_pic_works_CXX=yes
lt_cv_prog_compiler_rtti_exceptions=no
lt_cv_prog_compiler_static_works=yes
lt_cv_prog_compiler_static_works_CXX=yes
lt_cv_prog_gnu_ld=yes
lt_cv_prog_gnu_ldcxx=yes
lt_cv_sharedlib_from_linklib_cmd='printf %s\n'
lt_cv_shlibpath_overrides_runpath=no
lt_cv_sys_global_symbol_pipe='sed -n -e '\''s/^.*[	 ]\([ABCDGIRSTW][ABCDGIRSTW]*\)[	 ][	 ]*\([_A-Za-z][_A-Za-z0-9]*\)$/\1 \2 \2/p'\'' | sed '\''/ __gnu_lto/d'\'''
lt_cv_sys_global_symbol_to_c_name_address='sed -n -e '\''s/^: \(.*\) .*$/  {"\1", (void *) 0},/p'\'' -e '\''s/^[ABCDGIRSTW][ABCDGIRSTW]* .* \(.*\)$/  {"\1", (void *) \&\1},/p'\'''
lt_cv_sys_global_symbol_to_c_name_address_lib_prefix='sed -n -e '\''s/^: \(.*\) .*$/  {"\1", (void *) 0},/p'\'' -e '\''s/^[ABCDGIRSTW][ABCDGIRSTW]* .* \(lib.*\)$/  {"\1", (void *) \&\1},/p'\'' -e '\''s/^[ABCDGIRSTW][ABCDGIRSTW]* .* \(.*\)$/  {"lib\1", (void *) \&\1},/p'\'''
lt_cv_sys_global_symbol_to_cdecl='sed -n -e '\''s/^T .* \(.*\)$/extern int \1();/p'\'' -e '\''s/^[ABCDGIRSTW][ABCDGIRSTW]* .* \(.*\)$/extern char \1;/p'\'''
lt_cv_sys_global_symbol_to_import=
lt_cv_sys_max_cmd_len=805306365
lt_cv_to_host_file_cmd=func_convert_file_noop
lt_cv_to_tool_file_cmd=func_convert_file_noop

## ----------------- ##
## Output variables. ##
## ----------------- ##

ACLOCAL='${SHELL} /home/james/Fork-Lang/gc/missing aclocal-1.14'
AMDEPBACKSLASH='\'
AMDEP_FALSE='#'
AMDEP_TRUE=''
AMTAR='$${TAR-tar}'
AM_BACKSLASH='\'
AM_CFLAGS=''
AM_CPPFLAGS=''
AM_DEFAULT_V='$(AM_DEFAULT_VERBOSITY)'
AM_DEFAULT_VERBOSITY='1'
AM_V='$(V)'
AR='ar'
ATOMIC_OPS_CFLAGS='-I$(top_builddir)/libatomic_ops/src -I$(top_srcdir)/libatomic_ops/src'
ATOMIC_OPS_LIBS=''
AUTOCONF='${SHELL} /home/james/Fork-Lang/gc/missing autoconf'
AUTOHEADER='${SHELL} /home/james/Fork-Lang/gc/missing autoheader'
AUTOMAKE='${SHELL} /home/james/Fork-Lang/gc/missing automake-1.14'
AVOID_CPP_LIB_FALSE=''
AVOID_CPP_LIB_TRUE='#'
AWK='gawk'
CC='gcc'
CCAS='gcc'
CCASDEPMODE='depmode=gcc3'
CCASFLAGS='-g -O2'
CCDEPMODE='depmode=gcc3'
CFLAGS='-Wall -Wextra -g -O2 -fno-strict-aliasing'
COMPILER_XLC_FALSE=''
COMPILER_XLC_TRUE='#'
CPLUSPLUS_FALSE='#'
CPLUSPLUS_TRUE=''
CPP='gcc -E'
CPPFLAGS=''
CXX='g++'
CXXCPP='g++ -E'
CXXDEPMODE='depmode=gcc3'
CXXFLAGS='-g -O2'
CXXLIBS=''
CYGPATH_W='echo'
DARWIN_THREADS_FALSE=''
DARWIN_THREADS_TRUE='#'
DEFS='-DHAVE_CONFIG_H'
DEPDIR='.deps'
DLLTOOL='false'
DSYMUTIL=''
DUMPBIN=''
ECHO_C=''
ECHO_N='-n'
ECHO_T=''
EGREP='/bin/grep -E'
ENABLE_DISCLAIM_FALSE='#'
ENABLE_DISCLAIM_TRUE=''
EXEEXT=''
EXTRA_TEST_LIBS=''
FGREP='/bin/grep -F'
GC_CFLAGS=' -fexceptions'
GC_VERSION=''
GREP='/bin/grep'
INSTALL_DATA='${INSTALL} -m 644'
INSTALL_PROGRAM='${INSTALL}'
INSTALL_SCRIPT='${INSTALL}'
INSTALL_STRIP_PROGRAM='$(install_sh) -c -s'
KEEP_BACK_PTRS_FALSE=''
KEEP_BACK_PTRS_TRUE='#'
LD='/usr/bin/ld'
LDFLAGS=''
LIBOBJS=''
LIBS=''
LIBTOOL='$(SHELL) $(top_builddir)/libtool'
LIPO=''
LN_S='ln -s'
LTLIBOBJS=''
MAINT='#'
MAINTAINER_MODE_FALSE=''
MAINTAINER_MODE_TRUE='#'
MAKEINFO='${SHELL} /home/james/Fork-Lang/gc/missing makeinfo'
MAKE_BACK_GRAPH_FALSE=''
MAKE_BACK_GRAPH_TRUE='#'
MANIFEST_TOOL=':'
MKDIR_P='/bin/mkdir -p'
NEED_ATOMIC_OPS_ASM_FALSE=''
NEED_ATOMIC_OPS_ASM_TRUE='#'
NM='/usr/bin/nm -B'
NMEDIT=''
OBJDUMP='objdump'
OBJEXT='o'
OTOOL64=''
OTOOL=''
PACKAGE='gc'
PACKAGE_BUGREPORT='bdwgc@lists.opendylan.org'
PACKAGE_NAME='gc'
PACKAGE_STRING='gc 7.4.2'
PACKAGE_TARNAME='gc'
PACKAGE_URL=''
PACKAGE_VERSION='7.4.2'
PATH_SEPARATOR=':'
PKG_CONFIG='/usr/bin/pkg-config'
PKG_CONFIG_LIBDIR=''
PKG_CONFIG_PATH=''
PTHREADS_FALSE='#'
PTHREADS_TRUE=''
RANLIB='ranlib'
SED='/bin/sed'
SET_MAKE=''
SHELL='/bin/bash'
SINGLE_GC_OBJ_FALSE=''
SINGLE_GC_OBJ_TRUE='#'
STRIP='strip'
THREADDLLIBS='-lpthread -ldl'
THREADS_FALSE='#'
THREADS_TRUE=''
UNWINDLIBS=''
USE_INTERNAL_LIBATOMIC_OPS_FALSE='#'
USE_INTERNAL_LIBATOMIC_OPS_TRUE=''
USE_LIBDIR_FALSE='#'
USE_LIBDIR_TRUE=''
VERSION='7.4.2'
WIN32_THREADS_FALSE=''
WIN32_THREADS_TRUE='#'
ac_ct_AR='ar'
ac_ct_CC='gcc'
ac_ct_CXX='g++'
ac_ct_DUMPBIN=''
addlibs=''
addobjs=' '
am__EXEEXT_FALSE=''
am__EXEEXT_TRUE='#'
am__fastdepCCAS_FALSE='#'
am__fastdepCCAS_TRUE=''
am__fastdepCC_FALSE='#'
am__fastdepCC_TRUE=''
am__fastdepCXX_FALSE='#'
am__fastdepCXX_TRUE=''
am__include='include'
am__isrc=''
am__leading_dot='.'
am__nodep='_no'
am__quote=''
am__tar='$${TAR-tar} chof - "$$tardir"'
am__untar='$${TAR-tar} xf -'
bindir='${exec_prefix}/bin'
build='i686-pc-linux-gnu'
build_alias=''
build_cpu='i686'
build_os='linux-gnu'
build_vendor='pc'
datadir='${datarootdir}'
datarootdir='${prefix}/share'
docdir='${datarootdir}/doc/${PACKAGE_TARNAME}'
dvidir='${docdir}'
exec_prefix='${prefix}'
extra_ldflags_libgc=''
host='i686-pc-linux-gnu'
host_alias=''
host_cpu='i686'
host_os='linux-gnu'
host_vendor='pc'
htmldir='${docdir}'
includedir='${prefix}/include'
infodir='${datarootdir}/info'
install_sh='${SHELL} /home/james/Fork-Lang/gc/install-sh'
libdir='${exec_prefix}/lib'
libexecdir='${exec_prefix}/libexec'
localedir='${datarootdir}/locale'
localstatedir='${prefix}/var'
mandir='${datarootdir}/man'
mkdir_p='$(MKDIR_P)'
oldincludedir='/usr/include'
pdfdir='${docdir}'
prefix='/usr/local'
program_transform_name='s,x,x,'
psdir='${docdir}'
sbindir='${exec_prefix}/sbin'
sharedstatedir='${prefix}/com'
subdirs=' libatomic_ops'
sysconfdir='${prefix}/etc'
target='i686-pc-linux-gnu'
target_alias=''
target_all='libgc.la'
target_cpu='i686'
target_os='linux-gnu'
target_vendor='pc'

## ----------- ##
## confdefs.h. ##
## ----------- ##

/* confdefs.h */
#define PACKAGE_NAME "gc"
#define PACKAGE_TARNAME "gc"
#define PACKAGE_VERSION "7.4.2"
#define PACKAGE_STRING "gc 7.4.2"
#define PACKAGE_BUGREPORT "bdwgc@lists.opendylan.org"
#define PACKAGE_URL ""
#define GC_VERSION_MAJOR 7
#define GC_VERSION_MINOR 4
#define GC_VERSION_MICRO 2
#define PACKAGE "gc"
#define VERSION "7.4.2"
#define STDC_HEADERS 1
#define HAVE_SYS_TYPES_H 1
#define HAVE_SYS_STAT_H 1
#define HAVE_STDLIB_H 1
#define HAVE_STRING_H 1
#define HAVE_MEMORY_H 1
#define HAVE_STRINGS_H 1
#define HAVE_INTTYPES_H 1
#define HAVE_STDINT_H 1
#define HAVE_UNISTD_H 1
#define HAVE_DLFCN_H 1
#define LT_OBJDIR ".libs/"
#define GC_LINUX_THREADS 1
#define _REENTRANT 1
#define PARALLEL_MARK 1
#define THREAD_LOCAL_ALLOC 1
#define NO_EXECUTE_PERMISSION 1
#define ALL_INTERIOR_POINTERS 1
#define GC_GCJ_SUPPORT 1
#define HAVE_DLADDR 1
#define JAVA_FINALIZATION 1
#define ATOMIC_UNCOLLECTABLE 1
#define ENABLE_DISCLAIM 1

configure: exit 0
