This file contains any messages produced by compilers while
running configure, to aid debugging if configure makes a mistake.

It was created by libatomic_ops configure 7.5.0, which was
generated by GNU Autoconf 2.69.  Invocation command line was

  $ ./configure --disable-option-checking --prefix=/usr/local --enable-threads=posix --enable-parallel-mark --enable-cplusplus --cache-file=/dev/null --srcdir=.

## --------- ##
## Platform. ##
## --------- ##

hostname = james-VirtualBox
uname -m = i686
uname -r = 3.16.0-38-generic
uname -s = Linux
uname -v = #52~14.04.1-Ubuntu SMP Fri May 8 09:44:48 UTC 2015

/usr/bin/uname -p = unknown
/bin/uname -X     = unknown

/bin/arch              = unknown
/usr/bin/arch -k       = unknown
/usr/convex/getsysinfo = unknown
/usr/bin/hostinfo      = unknown
/bin/machine           = unknown
/usr/bin/oslevel       = unknown
/bin/universe          = unknown

PATH: /usr/local/sbin
PATH: /usr/local/bin
PATH: /usr/sbin
PATH: /usr/bin
PATH: /sbin
PATH: /bin
PATH: /usr/games
PATH: /usr/local/games


## ----------- ##
## Core tests. ##
## ----------- ##

configure:2184: checking build system type
configure:2198: result: i686-pc-linux-gnu
configure:2218: checking host system type
configure:2231: result: i686-pc-linux-gnu
configure:2251: checking target system type
configure:2264: result: i686-pc-linux-gnu
configure:2308: checking for a BSD-compatible install
configure:2376: result: /usr/bin/install -c
configure:2387: checking whether build environment is sane
configure:2442: result: yes
configure:2593: checking for a thread-safe mkdir -p
configure:2632: result: /bin/mkdir -p
configure:2639: checking for gawk
configure:2655: found /usr/bin/gawk
configure:2666: result: gawk
configure:2677: checking whether make sets $(MAKE)
configure:2699: result: yes
configure:2728: checking whether make supports nested variables
configure:2745: result: yes
configure:2871: checking whether to enable maintainer-specific portions of Makefiles
configure:2880: result: no
configure:2910: checking for style of include used by make
configure:2938: result: GNU
configure:3009: checking for gcc
configure:3025: found /usr/bin/gcc
configure:3036: result: gcc
configure:3265: checking for C compiler version
configure:3274: gcc --version >&5
gcc (Ubuntu 4.8.4-2ubuntu1~14.04) 4.8.4
Copyright (C) 2013 Free Software Foundation, Inc.
This is free software; see the source for copying conditions.  There is NO
warranty; not even for MERCHANTABILITY or FITNESS FOR A PARTICULAR PURPOSE.

configure:3285: $? = 0
configure:3274: gcc -v >&5
Using built-in specs.
COLLECT_GCC=gcc
COLLECT_LTO_WRAPPER=/usr/lib/gcc/i686-linux-gnu/4.8/lto-wrapper
Target: i686-linux-gnu
Configured with: ../src/configure -v --with-pkgversion='Ubuntu 4.8.4-2ubuntu1~14.04' --with-bugurl=file:///usr/share/doc/gcc-4.8/README.Bugs --enable-languages=c,c++,java,go,d,fortran,objc,obj-c++ --prefix=/usr --program-suffix=-4.8 --enable-shared --enable-linker-build-id --libexecdir=/usr/lib --without-included-gettext --enable-threads=posix --with-gxx-include-dir=/usr/include/c++/4.8 --libdir=/usr/lib --enable-nls --with-sysroot=/ --enable-clocale=gnu --enable-libstdcxx-debug --enable-libstdcxx-time=yes --enable-gnu-unique-object --disable-libmudflap --enable-plugin --with-system-zlib --disable-browser-plugin --enable-java-awt=gtk --enable-gtk-cairo --with-java-home=/usr/lib/jvm/java-1.5.0-gcj-4.8-i386/jre --enable-java-home --with-jvm-root-dir=/usr/lib/jvm/java-1.5.0-gcj-4.8-i386 --with-jvm-jar-dir=/usr/lib/jvm-exports/java-1.5.0-gcj-4.8-i386 --with-arch-directory=i386 --with-ecj-jar=/usr/share/java/eclipse-ecj.jar --enable-objc-gc --enable-targets=all --enable-multiarch --disable-werror --with-arch-32=i686 --with-multilib-list=m32,m64,mx32 --with-tune=generic --enable-checking=release --build=i686-linux-gnu --host=i686-linux-gnu --target=i686-linux-gnu
Thread model: posix
gcc version 4.8.4 (Ubuntu 4.8.4-2ubuntu1~14.04) 
configure:3285: $? = 0
configure:3274: gcc -V >&5
gcc: error: unrecognized command line option '-V'
gcc: fatal error: no input files
compilation terminated.
configure:3285: $? = 4
configure:3274: gcc -qversion >&5
gcc: error: unrecognized command line option '-qversion'
gcc: fatal error: no input files
compilation terminated.
configure:3285: $? = 4
configure:3305: checking whether the C compiler works
configure:3327: gcc    conftest.c  >&5
configure:3331: $? = 0
configure:3379: result: yes
configure:3382: checking for C compiler default output file name
configure:3384: result: a.out
configure:3390: checking for suffix of executables
configure:3397: gcc -o conftest    conftest.c  >&5
configure:3401: $? = 0
configure:3423: result: 
configure:3445: checking whether we are cross compiling
configure:3453: gcc -o conftest    conftest.c  >&5
configure:3457: $? = 0
configure:3464: ./conftest
configure:3468: $? = 0
configure:3483: result: no
configure:3488: checking for suffix of object files
configure:3510: gcc -c   conftest.c >&5
configure:3514: $? = 0
configure:3535: result: o
configure:3539: checking whether we are using the GNU C compiler
configure:3558: gcc -c   conftest.c >&5
configure:3558: $? = 0
configure:3567: result: yes
configure:3576: checking whether gcc accepts -g
configure:3596: gcc -c -g  conftest.c >&5
configure:3596: $? = 0
configure:3637: result: yes
configure:3654: checking for gcc option to accept ISO C89
configure:3717: gcc  -c -g -O2  conftest.c >&5
configure:3717: $? = 0
configure:3730: result: none needed
configure:3755: checking whether gcc understands -c and -o together
configure:3777: gcc -c conftest.c -o conftest2.o
configure:3780: $? = 0
configure:3777: gcc -c conftest.c -o conftest2.o
configure:3780: $? = 0
configure:3792: result: yes
configure:3811: checking dependency style of gcc
configure:3922: result: gcc3
configure:3947: checking dependency style of gcc
configure:4056: result: gcc3
configure:4117: checking how to print strings
configure:4144: result: printf
configure:4165: checking for a sed that does not truncate output
configure:4229: result: /bin/sed
configure:4247: checking for grep that handles long lines and -e
configure:4305: result: /bin/grep
configure:4310: checking for egrep
configure:4372: result: /bin/grep -E
configure:4377: checking for fgrep
configure:4439: result: /bin/grep -F
configure:4474: checking for ld used by gcc
configure:4541: result: /usr/bin/ld
configure:4548: checking if the linker (/usr/bin/ld) is GNU ld
configure:4563: result: yes
configure:4575: checking for BSD- or MS-compatible name lister (nm)
configure:4624: result: /usr/bin/nm -B
configure:4754: checking the name lister (/usr/bin/nm -B) interface
configure:4761: gcc -c -g -O2  conftest.c >&5
configure:4764: /usr/bin/nm -B "conftest.o"
configure:4767: output
00000000 B some_variable
configure:4774: result: BSD nm
configure:4777: checking whether ln -s works
configure:4781: result: yes
configure:4789: checking the maximum length of command line arguments
configure:4920: result: 805306365
configure:4937: checking whether the shell understands some XSI constructs
configure:4947: result: yes
configure:4951: checking whether the shell understands "+="
configure:4957: result: yes
configure:4992: checking how to convert i686-pc-linux-gnu file names to i686-pc-linux-gnu format
configure:5032: result: func_convert_file_noop
configure:5039: checking how to convert i686-pc-linux-gnu file names to toolchain format
configure:5059: result: func_convert_file_noop
configure:5066: checking for /usr/bin/ld option to reload object files
configure:5073: result: -r
configure:5147: checking for objdump
configure:5163: found /usr/bin/objdump
configure:5174: result: objdump
configure:5206: checking how to recognize dependent libraries
configure:5404: result: pass_all
configure:5489: checking for dlltool
configure:5519: result: no
configure:5549: checking how to associate runtime and link libraries
configure:5576: result: printf %s\n
configure:5637: checking for ar
configure:5653: found /usr/bin/ar
configure:5664: result: ar
configure:5701: checking for archiver @FILE support
configure:5718: gcc -c -g -O2  conftest.c >&5
configure:5718: $? = 0
configure:5721: ar cru libconftest.a @conftest.lst >&5
configure:5724: $? = 0
configure:5729: ar cru libconftest.a @conftest.lst >&5
ar: conftest.o: No such file or directory
configure:5732: $? = 1
configure:5744: result: @
configure:5802: checking for strip
configure:5818: found /usr/bin/strip
configure:5829: result: strip
configure:5901: checking for ranlib
configure:5917: found /usr/bin/ranlib
configure:5928: result: ranlib
configure:6030: checking command to parse /usr/bin/nm -B output from gcc object
configure:6150: gcc -c -g -O2  conftest.c >&5
configure:6153: $? = 0
configure:6157: /usr/bin/nm -B conftest.o \| sed -n -e 's/^.*[ ]\([ABCDGIRSTW][ABCDGIRSTW]*\)[ ][ ]*\([_A-Za-z][_A-Za-z0-9]*\)$/\1 \2 \2/p' | sed '/ __gnu_lto/d' \> conftest.nm
configure:6160: $? = 0
configure:6226: gcc -o conftest -g -O2   conftest.c conftstm.o >&5
configure:6229: $? = 0
configure:6267: result: ok
configure:6304: checking for sysroot
configure:6334: result: no
configure:6603: checking for mt
configure:6619: found /bin/mt
configure:6630: result: mt
configure:6653: checking if mt is a manifest tool
configure:6659: mt '-?'
configure:6667: result: no
configure:7309: checking how to run the C preprocessor
configure:7340: gcc -E  conftest.c
configure:7340: $? = 0
configure:7354: gcc -E  conftest.c
conftest.c:11:28: fatal error: ac_nonexistent.h: No such file or directory
 #include <ac_nonexistent.h>
                            ^
compilation terminated.
configure:7354: $? = 1
configure: failed program was:
| /* confdefs.h */
| #define PACKAGE_NAME "libatomic_ops"
| #define PACKAGE_TARNAME "libatomic_ops"
| #define PACKAGE_VERSION "7.5.0"
| #define PACKAGE_STRING "libatomic_ops 7.5.0"
| #define PACKAGE_BUGREPORT "bdwgc@lists.opendylan.org"
| #define PACKAGE_URL ""
| #define PACKAGE "libatomic_ops"
| #define VERSION "7.5.0"
| /* end confdefs.h.  */
| #include <ac_nonexistent.h>
configure:7379: result: gcc -E
configure:7399: gcc -E  conftest.c
configure:7399: $? = 0
configure:7413: gcc -E  conftest.c
conftest.c:11:28: fatal error: ac_nonexistent.h: No such file or directory
 #include <ac_nonexistent.h>
                            ^
compilation terminated.
configure:7413: $? = 1
configure: failed program was:
| /* confdefs.h */
| #define PACKAGE_NAME "libatomic_ops"
| #define PACKAGE_TARNAME "libatomic_ops"
| #define PACKAGE_VERSION "7.5.0"
| #define PACKAGE_STRING "libatomic_ops 7.5.0"
| #define PACKAGE_BUGREPORT "bdwgc@lists.opendylan.org"
| #define PACKAGE_URL ""
| #define PACKAGE "libatomic_ops"
| #define VERSION "7.5.0"
| /* end confdefs.h.  */
| #include <ac_nonexistent.h>
configure:7442: checking for ANSI C header files
configure:7462: gcc -c -g -O2  conftest.c >&5
configure:7462: $? = 0
configure:7535: gcc -o conftest -g -O2   conftest.c  >&5
configure:7535: $? = 0
configure:7535: ./conftest
configure:7535: $? = 0
configure:7546: result: yes
configure:7559: checking for sys/types.h
configure:7559: gcc -c -g -O2  conftest.c >&5
configure:7559: $? = 0
configure:7559: result: yes
configure:7559: checking for sys/stat.h
configure:7559: gcc -c -g -O2  conftest.c >&5
configure:7559: $? = 0
configure:7559: result: yes
configure:7559: checking for stdlib.h
configure:7559: gcc -c -g -O2  conftest.c >&5
configure:7559: $? = 0
configure:7559: result: yes
configure:7559: checking for string.h
configure:7559: gcc -c -g -O2  conftest.c >&5
configure:7559: $? = 0
configure:7559: result: yes
configure:7559: checking for memory.h
configure:7559: gcc -c -g -O2  conftest.c >&5
configure:7559: $? = 0
configure:7559: result: yes
configure:7559: checking for strings.h
configure:7559: gcc -c -g -O2  conftest.c >&5
configure:7559: $? = 0
configure:7559: result: yes
configure:7559: checking for inttypes.h
configure:7559: gcc -c -g -O2  conftest.c >&5
configure:7559: $? = 0
configure:7559: result: yes
configure:7559: checking for stdint.h
configure:7559: gcc -c -g -O2  conftest.c >&5
configure:7559: $? = 0
configure:7559: result: yes
configure:7559: checking for unistd.h
configure:7559: gcc -c -g -O2  conftest.c >&5
configure:7559: $? = 0
configure:7559: result: yes
configure:7573: checking for dlfcn.h
configure:7573: gcc -c -g -O2  conftest.c >&5
configure:7573: $? = 0
configure:7573: result: yes
configure:7778: checking for objdir
configure:7793: result: .libs
configure:8064: checking if gcc supports -fno-rtti -fno-exceptions
configure:8082: gcc -c -g -O2  -fno-rtti -fno-exceptions conftest.c >&5
cc1: warning: command line option '-fno-rtti' is valid for C++/ObjC++ but not for C [enabled by default]
configure:8086: $? = 0
configure:8099: result: no
configure:8426: checking for gcc option to produce PIC
configure:8433: result: -fPIC -DPIC
configure:8441: checking if gcc PIC flag -fPIC -DPIC works
configure:8459: gcc -c -g -O2  -fPIC -DPIC -DPIC conftest.c >&5
configure:8463: $? = 0
configure:8476: result: yes
configure:8505: checking if gcc static flag -static works
configure:8533: result: yes
configure:8548: checking if gcc supports -c -o file.o
configure:8569: gcc -c -g -O2  -o out/conftest2.o conftest.c >&5
configure:8573: $? = 0
configure:8595: result: yes
configure:8603: checking if gcc supports -c -o file.o
configure:8650: result: yes
configure:8683: checking whether the gcc linker (/usr/bin/ld) supports shared libraries
configure:9840: result: yes
configure:10080: checking dynamic linker characteristics
configure:10580: gcc -o conftest -g -O2   -Wl,-rpath -Wl,/foo conftest.c  >&5
configure:10580: $? = 0
configure:10814: result: GNU/Linux ld.so
configure:10921: checking how to hardcode library paths into programs
configure:10946: result: immediate
configure:11486: checking whether stripping libraries is possible
configure:11491: result: yes
configure:11526: checking if libtool supports shared libraries
configure:11528: result: yes
configure:11531: checking whether to build shared libraries
configure:11552: result: no
configure:11555: checking whether to build static libraries
configure:11559: result: yes
configure:11604: checking for stdlib.h
configure:11604: result: yes
configure:11604: checking for unistd.h
configure:11604: result: yes
configure:11604: checking for sys/param.h
configure:11604: gcc -c -g -O2  conftest.c >&5
configure:11604: $? = 0
configure:11604: result: yes
configure:11624: checking for getpagesize
configure:11624: gcc -o conftest -g -O2   conftest.c  >&5
configure:11624: $? = 0
configure:11624: result: yes
configure:11633: checking for working mmap
configure:11780: gcc -o conftest -g -O2   conftest.c  >&5
configure:11780: $? = 0
configure:11780: ./conftest
configure:11780: $? = 0
configure:11790: result: yes
configure:11803: checking for PIC compiler flag
configure:11813: result: -fPIC
configure:11816: checking whether gcc -fPIC causes __PIC__ definition
configure:11836: gcc -c -fPIC -g -O2  conftest.c >&5
configure:11836: $? = 0
configure:11843: result: yes
configure:11854: checking for gcc -Wextra
configure:11869: gcc -c -Wextra -g -O2  conftest.c >&5
configure:11869: $? = 0
configure:11876: result: yes
configure:11965: checking for pthread_self in -lpthread
configure:11990: gcc -o conftest -Wall -Wextra -g -O2   conftest.c -lpthread   >&5
configure:11990: $? = 0
configure:11999: result: yes
configure:12168: checking that generated files are newer than configure
configure:12174: result: done
configure:12213: creating ./config.status

## ---------------------- ##
## Running config.status. ##
## ---------------------- ##

This file was extended by libatomic_ops config.status 7.5.0, which was
generated by GNU Autoconf 2.69.  Invocation command line was

  CONFIG_FILES    = 
  CONFIG_HEADERS  = 
  CONFIG_LINKS    = 
  CONFIG_COMMANDS = 
  $ ./config.status 

on james-VirtualBox

config.status:1116: creating Makefile
config.status:1116: creating doc/Makefile
config.status:1116: creating src/Makefile
config.status:1116: creating tests/Makefile
config.status:1116: creating pkgconfig/atomic_ops.pc
config.status:1116: creating pkgconfig/atomic_ops-uninstalled.pc
config.status:1116: creating src/config.h
config.status:1297: src/config.h is unchanged
config.status:1345: executing depfiles commands
config.status:1345: executing libtool commands
config.status:1345: executing default commands

## ---------------- ##
## Cache variables. ##
## ---------------- ##

ac_cv_build=i686-pc-linux-gnu
ac_cv_c_compiler_gnu=yes
ac_cv_cc_wextra=yes
ac_cv_env_CCASFLAGS_set=
ac_cv_env_CCASFLAGS_value=
ac_cv_env_CCAS_set=
ac_cv_env_CCAS_value=
ac_cv_env_CC_set=
ac_cv_env_CC_value=
ac_cv_env_CFLAGS_set=
ac_cv_env_CFLAGS_value=
ac_cv_env_CPPFLAGS_set=
ac_cv_env_CPPFLAGS_value=
ac_cv_env_CPP_set=
ac_cv_env_CPP_value=
ac_cv_env_LDFLAGS_set=
ac_cv_env_LDFLAGS_value=
ac_cv_env_LIBS_set=
ac_cv_env_LIBS_value=
ac_cv_env_build_alias_set=
ac_cv_env_build_alias_value=
ac_cv_env_host_alias_set=
ac_cv_env_host_alias_value=
ac_cv_env_target_alias_set=
ac_cv_env_target_alias_value=
ac_cv_func_getpagesize=yes
ac_cv_func_mmap_fixed_mapped=yes
ac_cv_header_dlfcn_h=yes
ac_cv_header_inttypes_h=yes
ac_cv_header_memory_h=yes
ac_cv_header_stdc=yes
ac_cv_header_stdint_h=yes
ac_cv_header_stdlib_h=yes
ac_cv_header_string_h=yes
ac_cv_header_strings_h=yes
ac_cv_header_sys_param_h=yes
ac_cv_header_sys_stat_h=yes
ac_cv_header_sys_types_h=yes
ac_cv_header_unistd_h=yes
ac_cv_host=i686-pc-linux-gnu
ac_cv_lib_pthread_pthread_self=yes
ac_cv_objext=o
ac_cv_path_EGREP='/bin/grep -E'
ac_cv_path_FGREP='/bin/grep -F'
ac_cv_path_GREP=/bin/grep
ac_cv_path_SED=/bin/sed
ac_cv_path_install='/usr/bin/install -c'
ac_cv_path_mkdir=/bin/mkdir
ac_cv_pic_macro=yes
ac_cv_prog_AWK=gawk
ac_cv_prog_CPP='gcc -E'
ac_cv_prog_ac_ct_AR=ar
ac_cv_prog_ac_ct_CC=gcc
ac_cv_prog_ac_ct_MANIFEST_TOOL=mt
ac_cv_prog_ac_ct_OBJDUMP=objdump
ac_cv_prog_ac_ct_RANLIB=ranlib
ac_cv_prog_ac_ct_STRIP=strip
ac_cv_prog_cc_c89=
ac_cv_prog_cc_g=yes
ac_cv_prog_make_make_set=yes
ac_cv_target=i686-pc-linux-gnu
am_cv_CCAS_dependencies_compiler_type=gcc3
am_cv_CC_dependencies_compiler_type=gcc3
am_cv_make_support_nested_variables=yes
am_cv_prog_cc_c_o=yes
lt_cv_ar_at_file=@
lt_cv_deplibs_check_method=pass_all
lt_cv_file_magic_cmd='$MAGIC_CMD'
lt_cv_file_magic_test_file=
lt_cv_ld_reload_flag=-r
lt_cv_nm_interface='BSD nm'
lt_cv_objdir=.libs
lt_cv_path_LD=/usr/bin/ld
lt_cv_path_NM='/usr/bin/nm -B'
lt_cv_path_mainfest_tool=no
lt_cv_prog_compiler_c_o=yes
lt_cv_prog_compiler_pic='-fPIC -DPIC'
lt_cv_prog_compiler_pic_works=yes
lt_cv_prog_compiler_rtti_exceptions=no
lt_cv_prog_compiler_static_works=yes
lt_cv_prog_gnu_ld=yes
lt_cv_sharedlib_from_linklib_cmd='printf %s\n'
lt_cv_shlibpath_overrides_runpath=no
lt_cv_sys_global_symbol_pipe='sed -n -e '\''s/^.*[	 ]\([ABCDGIRSTW][ABCDGIRSTW]*\)[	 ][	 ]*\([_A-Za-z][_A-Za-z0-9]*\)$/\1 \2 \2/p'\'' | sed '\''/ __gnu_lto/d'\'''
lt_cv_sys_global_symbol_to_c_name_address='sed -n -e '\''s/^: \([^ ]*\)[ ]*$/  {\"\1\", (void *) 0},/p'\'' -e '\''s/^[ABCDGIRSTW]* \([^ ]*\) \([^ ]*\)$/  {"\2", (void *) \&\2},/p'\'''
lt_cv_sys_global_symbol_to_c_name_address_lib_prefix='sed -n -e '\''s/^: \([^ ]*\)[ ]*$/  {\"\1\", (void *) 0},/p'\'' -e '\''s/^[ABCDGIRSTW]* \([^ ]*\) \(lib[^ ]*\)$/  {"\2", (void *) \&\2},/p'\'' -e '\''s/^[ABCDGIRSTW]* \([^ ]*\) \([^ ]*\)$/  {"lib\2", (void *) \&\2},/p'\'''
lt_cv_sys_global_symbol_to_cdecl='sed -n -e '\''s/^T .* \(.*\)$/extern int \1();/p'\'' -e '\''s/^[ABCDGIRSTW]* .* \(.*\)$/extern char \1;/p'\'''
lt_cv_sys_max_cmd_len=805306365
lt_cv_to_host_file_cmd=func_convert_file_noop
lt_cv_to_tool_file_cmd=func_convert_file_noop

## ----------------- ##
## Output variables. ##
## ----------------- ##

ACLOCAL='${SHELL} /home/james/Fork-Lang/gc/missing aclocal-1.14'
AMDEPBACKSLASH='\'
AMDEP_FALSE='#'
AMDEP_TRUE=''
AMTAR='$${TAR-tar}'
AM_BACKSLASH='\'
AM_DEFAULT_V='$(AM_DEFAULT_VERBOSITY)'
AM_DEFAULT_VERBOSITY='1'
AM_V='$(V)'
AR='ar'
AUTOCONF='${SHELL} /home/james/Fork-Lang/gc/missing autoconf'
AUTOHEADER='${SHELL} /home/james/Fork-Lang/gc/missing autoheader'
AUTOMAKE='${SHELL} /home/james/Fork-Lang/gc/missing automake-1.14'
AWK='gawk'
CC='gcc'
CCAS='gcc'
CCASDEPMODE='depmode=gcc3'
CCASFLAGS='-g -O2'
CCDEPMODE='depmode=gcc3'
CFLAGS='-Wall -Wextra -g -O2'
CPP='gcc -E'
CPPFLAGS=''
CYGPATH_W='echo'
DEFS='-DHAVE_CONFIG_H'
DEPDIR='.deps'
DLLTOOL='false'
DSYMUTIL=''
DUMPBIN=''
ECHO_C=''
ECHO_N='-n'
ECHO_T=''
EGREP='/bin/grep -E'
EXEEXT=''
FGREP='/bin/grep -F'
GREP='/bin/grep'
HAVE_PTHREAD_H_FALSE='#'
HAVE_PTHREAD_H_TRUE=''
INSTALL_DATA='${INSTALL} -m 644'
INSTALL_PROGRAM='${INSTALL}'
INSTALL_SCRIPT='${INSTALL}'
INSTALL_STRIP_PROGRAM='$(install_sh) -c -s'
LD='/usr/bin/ld'
LDFLAGS=''
LIBOBJS=''
LIBS=''
LIBTOOL='$(SHELL) $(top_builddir)/libtool'
LIPO=''
LN_S='ln -s'
LTLIBOBJS=''
MAINT='#'
MAINTAINER_MODE_FALSE=''
MAINTAINER_MODE_TRUE='#'
MAKEINFO='${SHELL} /home/james/Fork-Lang/gc/missing makeinfo'
MANIFEST_TOOL=':'
MKDIR_P='/bin/mkdir -p'
NEED_ASM_FALSE=''
NEED_ASM_TRUE='#'
NM='/usr/bin/nm -B'
NMEDIT=''
OBJDUMP='objdump'
OBJEXT='o'
OTOOL64=''
OTOOL=''
PACKAGE='libatomic_ops'
PACKAGE_BUGREPORT='bdwgc@lists.opendylan.org'
PACKAGE_NAME='libatomic_ops'
PACKAGE_STRING='libatomic_ops 7.5.0'
PACKAGE_TARNAME='libatomic_ops'
PACKAGE_URL=''
PACKAGE_VERSION='7.5.0'
PATH_SEPARATOR=':'
PICFLAG='-fPIC'
RANLIB='ranlib'
SED='/bin/sed'
SET_MAKE=''
SHELL='/bin/bash'
STRIP='strip'
THREADDLLIBS='-lpthread'
VERSION='7.5.0'
ac_ct_AR='ar'
ac_ct_CC='gcc'
ac_ct_DUMPBIN=''
am__EXEEXT_FALSE=''
am__EXEEXT_TRUE='#'
am__fastdepCCAS_FALSE='#'
am__fastdepCCAS_TRUE=''
am__fastdepCC_FALSE='#'
am__fastdepCC_TRUE=''
am__include='include'
am__isrc=''
am__leading_dot='.'
am__nodep='_no'
am__quote=''
am__tar='$${TAR-tar} chof - "$$tardir"'
am__untar='$${TAR-tar} xf -'
bindir='${exec_prefix}/bin'
build='i686-pc-linux-gnu'
build_alias=''
build_cpu='i686'
build_os='linux-gnu'
build_vendor='pc'
datadir='${datarootdir}'
datarootdir='${prefix}/share'
docdir='${datarootdir}/doc/${PACKAGE_TARNAME}'
dvidir='${docdir}'
exec_prefix='${prefix}'
host='i686-pc-linux-gnu'
host_alias=''
host_cpu='i686'
host_os='linux-gnu'
host_vendor='pc'
htmldir='${docdir}'
includedir='${prefix}/include'
infodir='${datarootdir}/info'
install_sh='${SHELL} /home/james/Fork-Lang/gc/install-sh'
libdir='${exec_prefix}/lib'
libexecdir='${exec_prefix}/libexec'
localedir='${datarootdir}/locale'
localstatedir='${prefix}/var'
mandir='${datarootdir}/man'
mkdir_p='$(MKDIR_P)'
oldincludedir='/usr/include'
pdfdir='${docdir}'
prefix='/usr/local'
program_transform_name='s,x,x,'
psdir='${docdir}'
sbindir='${exec_prefix}/sbin'
sharedstatedir='${prefix}/com'
sysconfdir='${prefix}/etc'
target='i686-pc-linux-gnu'
target_alias=''
target_cpu='i686'
target_os='linux-gnu'
target_vendor='pc'

## ----------- ##
## confdefs.h. ##
## ----------- ##

/* confdefs.h */
#define PACKAGE_NAME "libatomic_ops"
#define PACKAGE_TARNAME "libatomic_ops"
#define PACKAGE_VERSION "7.5.0"
#define PACKAGE_STRING "libatomic_ops 7.5.0"
#define PACKAGE_BUGREPORT "bdwgc@lists.opendylan.org"
#define PACKAGE_URL ""
#define PACKAGE "libatomic_ops"
#define VERSION "7.5.0"
#define STDC_HEADERS 1
#define HAVE_SYS_TYPES_H 1
#define HAVE_SYS_STAT_H 1
#define HAVE_STDLIB_H 1
#define HAVE_STRING_H 1
#define HAVE_MEMORY_H 1
#define HAVE_STRINGS_H 1
#define HAVE_INTTYPES_H 1
#define HAVE_STDINT_H 1
#define HAVE_UNISTD_H 1
#define HAVE_DLFCN_H 1
#define LT_OBJDIR ".libs/"
#define HAVE_STDLIB_H 1
#define HAVE_UNISTD_H 1
#define HAVE_SYS_PARAM_H 1
#define HAVE_GETPAGESIZE 1
#define HAVE_MMAP 1
#define NDEBUG 1
#define _REENTRANT 1

configure: exit 0
